[2021-09-26T23:01:47.684] [DEBUG] cheese - login => username:admin,password:123456
[2021-09-26T23:01:47.685] [DEBUG] cheese - admin
[2021-09-26T23:01:47.694] [DEBUG] cheese - null
[2021-09-26T23:01:47.694] [DEBUG] cheese - null
[2021-09-26T23:02:38.385] [DEBUG] cheese - login => username:admin,password:123456
[2021-09-26T23:02:38.386] [DEBUG] cheese - admin
[2021-09-26T23:02:38.388] [DEBUG] cheese - null
[2021-09-26T23:02:38.389] [DEBUG] cheese - null
[2021-09-26T23:06:59.032] [DEBUG] cheese - login => username:admin,password:1234564
[2021-09-26T23:06:59.033] [DEBUG] cheese - admin
[2021-09-26T23:06:59.038] [DEBUG] cheese - null
[2021-09-26T23:06:59.039] [DEBUG] cheese - null
[2021-09-28T10:46:06.184] [DEBUG] cheese - login => username:admin,password:adminadmin
[2021-09-28T10:46:06.186] [DEBUG] cheese - admin
[2021-09-28T10:46:06.320] [DEBUG] cheese - null
[2021-09-28T10:46:06.320] [DEBUG] cheese - null
[2021-09-28T10:46:25.505] [DEBUG] cheese - login => username:admin,password:adminadmin
[2021-09-28T10:46:25.505] [DEBUG] cheese - admin
[2021-09-28T10:46:25.625] [DEBUG] cheese - null
[2021-09-28T10:46:25.626] [DEBUG] cheese - null
[2021-09-28T10:46:37.173] [DEBUG] cheese - login => username:admin,password:123456
[2021-09-28T10:46:37.173] [DEBUG] cheese - admin
[2021-09-28T10:46:37.291] [DEBUG] cheese - null
[2021-09-28T10:46:37.292] [DEBUG] cheese - null
[2021-09-28T10:53:43.793] [DEBUG] cheese - null
[2021-09-28T11:10:01.031] [DEBUG] cheese - login => username:admin,password:123456
[2021-09-28T11:10:01.031] [DEBUG] cheese - admin
[2021-09-28T11:10:01.134] [DEBUG] cheese - null
[2021-09-28T11:10:01.134] [DEBUG] cheese - null
[2021-09-28T16:00:56.071] [DEBUG] cheese - login => username:admin,password:admin
[2021-09-28T16:00:56.073] [DEBUG] cheese - admin
[2021-09-28T16:00:57.130] [DEBUG] cheese - null
[2021-09-28T16:00:57.131] [DEBUG] cheese - null
[2021-09-28T16:01:05.616] [DEBUG] cheese - login => username:admin,password:123456
[2021-09-28T16:01:05.616] [DEBUG] cheese - admin
[2021-09-28T16:01:05.737] [DEBUG] cheese - null
[2021-09-28T16:01:05.737] [DEBUG] cheese - null
[2021-09-28T16:05:27.743] [DEBUG] cheese - login => username:admin,password:123456
[2021-09-28T16:05:27.743] [DEBUG] cheese - admin
[2021-09-28T16:05:27.865] [DEBUG] cheese - null
[2021-09-28T16:05:27.865] [DEBUG] cheese - null
[2021-09-28T16:06:28.882] [DEBUG] cheese - login => username:admin,password:123456
[2021-09-28T16:06:28.882] [DEBUG] cheese - admin
[2021-09-28T16:06:29.002] [DEBUG] cheese - null
[2021-09-28T16:06:29.002] [DEBUG] cheese - null
[2021-09-28T16:10:20.362] [DEBUG] cheese - login => username:admin,password:123456
[2021-09-28T16:10:20.363] [DEBUG] cheese - admin
[2021-09-28T16:10:20.491] [DEBUG] cheese - null
[2021-09-28T16:10:20.491] [DEBUG] cheese - null
[2021-09-28T16:33:19.907] [DEBUG] cheese - login => username:admin,password:123456
[2021-09-28T16:33:19.907] [DEBUG] cheese - admin
[2021-09-28T16:33:20.026] [DEBUG] cheese - null
[2021-09-28T16:33:20.026] [DEBUG] cheese - null
[2021-09-28T16:34:09.385] [DEBUG] cheese - login => username:admin,password:123456
[2021-09-28T16:34:09.385] [DEBUG] cheese - admin
[2021-09-28T16:34:09.509] [DEBUG] cheese - null
[2021-09-28T16:34:09.509] [DEBUG] cheese - null
[2021-09-28T16:34:40.737] [DEBUG] cheese - login => username:admin,password:123456
[2021-09-28T16:34:40.737] [DEBUG] cheese - admin
[2021-09-28T16:34:40.856] [DEBUG] cheese - null
[2021-09-28T16:34:40.856] [DEBUG] cheese - null
[2021-09-28T16:35:38.577] [DEBUG] cheese - login => username:admin,password:123456
[2021-09-28T16:35:38.577] [DEBUG] cheese - admin
[2021-09-28T16:35:38.696] [DEBUG] cheese - null
[2021-09-28T16:35:38.696] [DEBUG] cheese - null
[2021-09-28T16:36:11.858] [DEBUG] cheese - login => username:admin,password:123456
[2021-09-28T16:36:11.858] [DEBUG] cheese - admin
[2021-09-28T16:36:11.978] [DEBUG] cheese - null
[2021-09-28T16:36:11.978] [DEBUG] cheese - null
[2021-09-28T16:37:13.369] [DEBUG] cheese - login => username:admin,password:123456
[2021-09-28T16:37:13.369] [DEBUG] cheese - admin
[2021-09-28T16:37:13.496] [DEBUG] cheese - null
[2021-09-28T16:37:13.496] [DEBUG] cheese - null
[2021-09-28T16:37:19.840] [DEBUG] cheese - login => username:admin1,password:123456
[2021-09-28T16:37:19.840] [DEBUG] cheese - admin1
[2021-09-28T16:37:19.959] [DEBUG] cheese - null
[2021-09-28T16:37:19.959] [DEBUG] cheese - null
[2021-09-28T16:39:37.226] [DEBUG] cheese - login => username:admin,password:123456
[2021-09-28T16:39:37.226] [DEBUG] cheese - admin
[2021-09-28T16:39:37.346] [DEBUG] cheese - null
[2021-09-28T16:39:37.346] [DEBUG] cheese - null
[2021-09-28T16:40:25.944] [DEBUG] cheese - login => username:admin,password:123456
[2021-09-28T16:40:25.944] [DEBUG] cheese - admin
[2021-09-28T16:40:26.063] [DEBUG] cheese - null
[2021-09-28T16:40:26.063] [DEBUG] cheese - null
[2021-09-28T16:40:30.158] [DEBUG] cheese - login => username:admin1,password:123456
[2021-09-28T16:40:30.158] [DEBUG] cheese - admin1
[2021-09-28T16:40:30.276] [DEBUG] cheese - null
[2021-09-28T16:40:30.277] [DEBUG] cheese - null
[2021-09-28T16:42:11.463] [DEBUG] cheese - login => username:admin,password:123456
[2021-09-28T16:42:11.463] [DEBUG] cheese - admin
[2021-09-28T16:42:11.583] [DEBUG] cheese - null
[2021-09-28T16:42:11.583] [DEBUG] cheese - null
[2021-09-28T16:42:15.894] [DEBUG] cheese - login => username:admin1,password:123456
[2021-09-28T16:42:15.894] [DEBUG] cheese - admin1
[2021-09-28T16:42:16.012] [DEBUG] cheese - null
[2021-09-28T16:42:16.012] [DEBUG] cheese - null
[2021-09-28T16:46:08.161] [DEBUG] cheese - login => username:admin,password:123456
[2021-09-28T16:46:08.161] [DEBUG] cheese - admin
[2021-09-28T16:46:08.280] [DEBUG] cheese - null
[2021-09-28T16:46:08.280] [DEBUG] cheese - null
[2021-09-28T16:49:58.000] [DEBUG] cheese - login => username:admin,password:123456
[2021-09-28T16:49:58.000] [DEBUG] cheese - admin
[2021-09-28T16:49:58.119] [DEBUG] cheese - null
[2021-09-28T16:49:58.119] [DEBUG] cheese - null
[2021-09-28T16:58:08.585] [DEBUG] cheese - login => username:admin,password:123456
[2021-09-28T16:58:08.585] [DEBUG] cheese - admin
[2021-09-28T16:58:08.703] [DEBUG] cheese - null
[2021-09-28T16:58:08.704] [DEBUG] cheese - null
[2021-09-28T17:00:23.380] [DEBUG] cheese - login => username:admin,password:123456
[2021-09-28T17:00:23.380] [DEBUG] cheese - admin
[2021-09-28T17:00:23.500] [DEBUG] cheese - null
[2021-09-28T17:00:23.500] [DEBUG] cheese - null
[2021-09-28T17:03:12.536] [DEBUG] cheese - login => username:admin,password:123456
[2021-09-28T17:03:12.536] [DEBUG] cheese - admin
[2021-09-28T17:03:12.657] [DEBUG] cheese - null
[2021-09-28T17:03:12.657] [DEBUG] cheese - null
[2021-09-28T17:03:20.722] [DEBUG] cheese - login => username:admin,password:123456
[2021-09-28T17:03:20.722] [DEBUG] cheese - admin
[2021-09-28T17:03:20.843] [DEBUG] cheese - null
[2021-09-28T17:03:20.843] [DEBUG] cheese - null
[2021-09-28T17:04:42.116] [DEBUG] cheese - login => username:admin,password:123456
[2021-09-28T17:04:42.117] [DEBUG] cheese - admin
[2021-09-28T17:04:42.235] [DEBUG] cheese - null
[2021-09-28T17:04:42.235] [DEBUG] cheese - null
[2021-09-30T10:29:40.916] [DEBUG] cheese - login => username:admin,password:123456
[2021-09-30T10:29:40.917] [DEBUG] cheese - admin
[2021-09-30T10:29:40.934] [DEBUG] cheese - null
[2021-09-30T10:29:40.934] [DEBUG] cheese - null
[2021-09-30T10:38:44.174] [DEBUG] cheese - login => username:admin,password:123456
[2021-09-30T10:38:44.174] [DEBUG] cheese - admin
[2021-09-30T10:38:44.176] [DEBUG] cheese - null
[2021-09-30T10:38:44.176] [DEBUG] cheese - null
[2021-09-30T14:30:32.758] [DEBUG] cheese - login => username:admin,password:123456
[2021-09-30T14:30:32.759] [DEBUG] cheese - admin
[2021-09-30T14:30:32.777] [DEBUG] cheese - null
[2021-09-30T14:30:32.778] [DEBUG] cheese - null
[2021-09-30T14:32:41.873] [DEBUG] cheese - login => username:admin,password:1234949884
[2021-09-30T14:32:41.873] [DEBUG] cheese - admin
[2021-09-30T14:32:41.875] [DEBUG] cheese - null
[2021-09-30T14:32:41.875] [DEBUG] cheese - null
[2021-09-30T14:32:47.868] [DEBUG] cheese - login => username:admin,password:123456
[2021-09-30T14:32:47.868] [DEBUG] cheese - admin
[2021-09-30T14:32:47.870] [DEBUG] cheese - null
[2021-09-30T14:32:47.870] [DEBUG] cheese - null
[2021-09-30T14:46:47.556] [DEBUG] cheese - login => username:yyds,password:123456
[2021-09-30T14:46:47.556] [DEBUG] cheese - yyds
[2021-09-30T14:46:47.559] [DEBUG] cheese - null
[2021-09-30T14:46:47.559] [DEBUG] cheese - null
[2021-09-30T14:46:54.712] [DEBUG] cheese - login => username:admin,password:123456
[2021-09-30T14:46:54.712] [DEBUG] cheese - admin
[2021-09-30T14:46:54.713] [DEBUG] cheese - null
[2021-09-30T14:46:54.713] [DEBUG] cheese - null
[2021-09-30T15:05:54.534] [DEBUG] cheese - login => username:yyds,password:123456
[2021-09-30T15:05:54.535] [DEBUG] cheese - yyds
[2021-09-30T15:05:54.543] [DEBUG] cheese - null
[2021-09-30T15:05:54.543] [DEBUG] cheese - null
[2021-09-30T15:18:13.266] [DEBUG] cheese - login => username:admin,password:123456
[2021-09-30T15:18:13.266] [DEBUG] cheese - admin
[2021-09-30T15:18:13.275] [DEBUG] cheese - null
[2021-09-30T15:18:13.275] [DEBUG] cheese - null
[2021-09-30T15:19:08.378] [DEBUG] cheese - login => username:admin,password:123456
[2021-09-30T15:19:08.378] [DEBUG] cheese - admin
[2021-09-30T15:19:08.380] [DEBUG] cheese - null
[2021-09-30T15:19:08.380] [DEBUG] cheese - null
[2021-09-30T15:19:22.313] [DEBUG] cheese - login => username:admin,password:123456
[2021-09-30T15:19:22.313] [DEBUG] cheese - admin
[2021-09-30T15:19:22.314] [DEBUG] cheese - null
[2021-09-30T15:19:22.314] [DEBUG] cheese - null
[2021-09-30T15:19:41.352] [DEBUG] cheese - login => username:admin,password:123456
[2021-09-30T15:19:41.353] [DEBUG] cheese - admin
[2021-09-30T15:19:41.354] [DEBUG] cheese - null
[2021-09-30T15:19:41.354] [DEBUG] cheese - null
[2021-09-30T15:20:31.044] [DEBUG] cheese - login => username:yyds,password:123456
[2021-09-30T15:20:31.045] [DEBUG] cheese - yyds
[2021-09-30T15:20:31.049] [DEBUG] cheese - null
[2021-09-30T15:20:31.049] [DEBUG] cheese - null
[2021-09-30T15:21:26.418] [DEBUG] cheese - login => username:admin,password:123456
[2021-09-30T15:21:26.418] [DEBUG] cheese - admin
[2021-09-30T15:21:26.420] [DEBUG] cheese - null
[2021-09-30T15:21:26.420] [DEBUG] cheese - null
[2021-09-30T15:32:37.343] [DEBUG] cheese - login => username:admi,password:123456
[2021-09-30T15:32:37.343] [DEBUG] cheese - admi
[2021-09-30T15:32:37.351] [DEBUG] cheese - null
[2021-09-30T15:32:37.352] [DEBUG] cheese - null
[2021-09-30T15:32:56.755] [DEBUG] cheese - login => username:yyds,password:123456
[2021-09-30T15:32:56.755] [DEBUG] cheese - yyds
[2021-09-30T15:32:56.757] [DEBUG] cheese - null
[2021-09-30T15:32:56.757] [DEBUG] cheese - null
[2021-09-30T15:33:19.356] [DEBUG] cheese - login => username:Linken,password:123456
[2021-09-30T15:33:19.356] [DEBUG] cheese - Linken
[2021-09-30T15:33:19.358] [DEBUG] cheese - null
[2021-09-30T15:33:19.358] [DEBUG] cheese - null
[2021-09-30T15:33:28.976] [DEBUG] cheese - login => username:asdf12,password:123456
[2021-09-30T15:33:28.976] [DEBUG] cheese - asdf12
[2021-09-30T15:33:28.978] [DEBUG] cheese - null
[2021-09-30T15:33:28.978] [DEBUG] cheese - null
[2021-09-30T15:33:52.040] [DEBUG] cheese - login => username:yyds,password:123456
[2021-09-30T15:33:52.040] [DEBUG] cheese - yyds
[2021-09-30T15:33:52.042] [DEBUG] cheese - null
[2021-09-30T15:33:52.042] [DEBUG] cheese - null
[2021-09-30T15:35:26.471] [DEBUG] cheese - login => username:yyds,password:123456
[2021-09-30T15:35:26.471] [DEBUG] cheese - yyds
[2021-09-30T15:35:26.474] [DEBUG] cheese - null
[2021-09-30T15:35:26.474] [DEBUG] cheese - null
[2021-09-30T15:38:19.539] [DEBUG] cheese - login => username:yyds,password:123456
[2021-09-30T15:38:19.539] [DEBUG] cheese - yyds
[2021-09-30T15:38:19.541] [DEBUG] cheese - null
[2021-09-30T15:38:19.541] [DEBUG] cheese - null
[2021-10-02T08:23:11.694] [DEBUG] cheese - login => username:yyds,password:123456
[2021-10-02T08:23:11.695] [DEBUG] cheese - yyds
[2021-10-02T08:23:11.740] [DEBUG] cheese - null
[2021-10-02T08:23:11.740] [DEBUG] cheese - null
[2021-10-02T09:16:26.985] [DEBUG] cheese - login => username:yyds,password:123456
[2021-10-02T09:16:26.987] [DEBUG] cheese - yyds
[2021-10-02T09:16:27.003] [DEBUG] cheese - null
[2021-10-02T09:16:27.003] [DEBUG] cheese - null
[2021-10-02T11:28:35.927] [DEBUG] cheese - login => username:yyds,password:123456
[2021-10-02T11:28:35.928] [DEBUG] cheese - yyds
[2021-10-02T11:28:35.945] [DEBUG] cheese - null
[2021-10-02T11:28:35.945] [DEBUG] cheese - null
[2021-10-02T11:38:45.252] [DEBUG] cheese - login => username:yyds,password:123456
[2021-10-02T11:38:45.253] [DEBUG] cheese - yyds
[2021-10-02T11:38:45.257] [DEBUG] cheese - null
[2021-10-02T11:38:45.258] [DEBUG] cheese - null
[2021-10-07T17:11:39.422] [DEBUG] cheese - login => username:admin,password:123456
[2021-10-07T17:11:39.424] [DEBUG] cheese - admin
[2021-10-07T17:11:39.533] [DEBUG] cheese - null
[2021-10-07T17:11:39.534] [DEBUG] cheese - null
[2021-10-07T17:11:47.181] [DEBUG] cheese - login => username:yyds,password:123456
[2021-10-07T17:11:47.181] [DEBUG] cheese - yyds
[2021-10-07T17:11:47.192] [DEBUG] cheese - null
[2021-10-07T17:11:47.192] [DEBUG] cheese - null
[2021-10-12T14:14:09.598] [DEBUG] cheese - login => username:admin,password:123456
[2021-10-12T14:14:09.599] [DEBUG] cheese - admin
[2021-10-12T14:14:09.639] [DEBUG] cheese - null
[2021-10-12T14:14:09.640] [DEBUG] cheese - null
[2021-10-12T14:14:16.708] [DEBUG] cheese - login => username:yyds,password:123456
[2021-10-12T14:14:16.708] [DEBUG] cheese - yyds
[2021-10-12T14:14:16.715] [DEBUG] cheese - null
[2021-10-12T14:14:16.715] [DEBUG] cheese - null
[2021-10-26T14:00:53.791] [DEBUG] cheese - login => username:yyds,password:123456
[2021-10-26T14:00:53.793] [DEBUG] cheese - yyds
[2021-10-26T14:00:53.825] [DEBUG] cheese - null
[2021-10-26T14:00:53.825] [DEBUG] cheese - null
[2021-11-17T16:09:13.382] [DEBUG] cheese - login => username:yyds,password:123456
[2021-11-17T16:09:13.384] [DEBUG] cheese - yyds
[2021-11-17T16:09:13.413] [DEBUG] cheese - null
[2021-11-17T16:09:13.414] [DEBUG] cheese - null
[2021-11-17T16:11:15.271] [DEBUG] cheese - login => username:yyds,password:123456
[2021-11-17T16:11:15.273] [DEBUG] cheese - yyds
[2021-11-17T16:11:15.276] [DEBUG] cheese - null
[2021-11-17T16:11:15.276] [DEBUG] cheese - null
[2021-11-17T16:12:52.270] [DEBUG] cheese - login => username:yyds,password:123456
[2021-11-17T16:12:52.270] [DEBUG] cheese - yyds
[2021-11-17T16:12:52.272] [DEBUG] cheese - null
[2021-11-17T16:12:52.272] [DEBUG] cheese - null
[2021-11-17T18:16:27.875] [DEBUG] cheese - login => username:yyds,password:123456
[2021-11-17T18:16:27.876] [DEBUG] cheese - yyds
[2021-11-17T18:16:27.888] [DEBUG] cheese - null
[2021-11-17T18:16:27.888] [DEBUG] cheese - null
[2021-11-17T18:17:50.946] [DEBUG] cheese - login => username:yyds,password:123456
[2021-11-17T18:17:50.947] [DEBUG] cheese - yyds
[2021-11-17T18:17:50.948] [DEBUG] cheese - null
[2021-11-17T18:17:50.948] [DEBUG] cheese - null
[2021-11-17T18:20:10.692] [DEBUG] cheese - login => username:yyds,password:123456
[2021-11-17T18:20:10.692] [DEBUG] cheese - yyds
[2021-11-17T18:20:10.694] [DEBUG] cheese - null
[2021-11-17T18:20:10.694] [DEBUG] cheese - null
[2021-11-17T18:29:34.054] [DEBUG] cheese - login => username:yyds,password:123456
[2021-11-17T18:29:34.055] [DEBUG] cheese - yyds
[2021-11-17T18:29:34.065] [DEBUG] cheese - null
[2021-11-17T18:29:34.065] [DEBUG] cheese - null
[2021-11-17T18:34:47.482] [DEBUG] cheese - login => username:mwj,password:123456
[2021-11-17T18:34:47.483] [DEBUG] cheese - mwj
[2021-11-17T18:34:47.486] [DEBUG] cheese - null
[2021-11-17T18:34:47.486] [DEBUG] cheese - null
[2021-11-17T18:34:55.774] [DEBUG] cheese - login => username:yyds,password:123456
[2021-11-17T18:34:55.774] [DEBUG] cheese - yyds
[2021-11-17T18:34:55.775] [DEBUG] cheese - null
[2021-11-17T18:34:55.775] [DEBUG] cheese - null
[2021-11-17T18:36:49.816] [DEBUG] cheese - login => username:yyds,password:123456
[2021-11-17T18:36:49.816] [DEBUG] cheese - yyds
[2021-11-17T18:36:49.818] [DEBUG] cheese - null
[2021-11-17T18:36:49.818] [DEBUG] cheese - null
[2021-11-17T18:47:56.131] [DEBUG] cheese - login => username:yyds,password:123456
[2021-11-17T18:47:56.132] [DEBUG] cheese - yyds
[2021-11-17T18:47:56.142] [DEBUG] cheese - null
[2021-11-17T18:47:56.143] [DEBUG] cheese - null
[2021-11-17T18:49:25.854] [DEBUG] cheese - login => username:yyds,password:123456
[2021-11-17T18:49:25.856] [DEBUG] cheese - yyds
[2021-11-17T18:49:25.859] [DEBUG] cheese - null
[2021-11-17T18:49:25.860] [DEBUG] cheese - null
[2022-01-18T10:30:31.270] [DEBUG] cheese - login => username:yyds,password:123456
[2022-01-18T10:30:31.272] [DEBUG] cheese - yyds
[2022-01-18T10:30:31.305] [DEBUG] cheese - null
[2022-01-18T10:30:31.306] [DEBUG] cheese - null
[2022-01-18T11:16:40.904] [DEBUG] cheese - login => username:yyds,password:123456
[2022-01-18T11:16:40.904] [DEBUG] cheese - yyds
[2022-01-18T11:16:40.909] [DEBUG] cheese - null
[2022-01-18T11:16:40.909] [DEBUG] cheese - null
[2022-01-18T11:21:46.651] [DEBUG] cheese - login => username:mwj,password:123456
[2022-01-18T11:21:46.651] [DEBUG] cheese - mwj
[2022-01-18T11:21:46.653] [DEBUG] cheese - null
[2022-01-18T11:21:46.653] [DEBUG] cheese - null
[2022-01-18T11:21:52.017] [DEBUG] cheese - login => username:yyds,password:123456
[2022-01-18T11:21:52.017] [DEBUG] cheese - yyds
[2022-01-18T11:21:52.020] [DEBUG] cheese - null
[2022-01-18T11:21:52.020] [DEBUG] cheese - null
[2022-01-18T11:43:35.119] [DEBUG] cheese - login => username:mwj,password:123456
[2022-01-18T11:43:35.119] [DEBUG] cheese - mwj
[2022-01-18T11:43:35.121] [DEBUG] cheese - null
[2022-01-18T11:43:35.121] [DEBUG] cheese - null
[2022-01-18T11:43:41.343] [DEBUG] cheese - login => username:yyds,password:123456
[2022-01-18T11:43:41.343] [DEBUG] cheese - yyds
[2022-01-18T11:43:41.349] [DEBUG] cheese - null
[2022-01-18T11:43:41.349] [DEBUG] cheese - null
[2022-01-18T11:48:57.680] [DEBUG] cheese - login => username:yyds,password:123456
[2022-01-18T11:48:57.680] [DEBUG] cheese - yyds
[2022-01-18T11:48:57.682] [DEBUG] cheese - null
[2022-01-18T11:48:57.682] [DEBUG] cheese - null
